vision-quickstart/app/build/intermediates/manifest_merge_blame_file/debug/manifest-merger-blame-debug-report.txt
1<?xml version="1.0" encoding="utf-8"?>
2<manifest xmlns:android="http://schemas.android.com/apk/res/android"
3    package="com.google.mlkit.vision.demo"
4    android:installLocation="auto"
5    android:versionCode="11"
6    android:versionName="1.11" >
7    <!--
8 CameraX libraries require minSdkVersion 21, while this quickstart app
9    supports low to 16. Needs to use overrideLibrary to make the merger tool
10    ignore this conflict and import the libraries while keeping the app's lower
11    minSdkVersion value. In code, will check SDK version, before calling CameraX
12    APIs.
13    -->
14    <uses-sdk
14-->src\main\AndroidManifest.xml:13:5-157
15        android:minSdkVersion="16"
15-->src\main\AndroidManifest.xml:13:5-157
16        android:targetSdkVersion="29" />
16-->src\main\AndroidManifest.xml:13:5-157
17
18    <uses-feature android:name="android.hardware.camera" />
18-->src\main\AndroidManifest.xml:15:5-60
18-->src\main\AndroidManifest.xml:15:19-57
19
20    <uses-permission android:name="android.permission.INTERNET" />
20-->src\main\AndroidManifest.xml:17:5-67
20-->src\main\AndroidManifest.xml:17:22-64
21    <uses-permission android:name="android.permission.WRITE_EXTERNAL_STORAGE" />
21-->src\main\AndroidManifest.xml:18:5-81
21-->src\main\AndroidManifest.xml:18:22-78
22    <uses-permission android:name="android.permission.READ_EXTERNAL_STORAGE" />
22-->src\main\AndroidManifest.xml:19:5-80
22-->src\main\AndroidManifest.xml:19:22-77
23    <uses-permission android:name="android.permission.CAMERA" />
23-->src\main\AndroidManifest.xml:20:5-65
23-->src\main\AndroidManifest.xml:20:22-62
24
25    <queries>
25-->src\main\AndroidManifest.xml:22:5-26:15
26        <intent>
26-->src\main\AndroidManifest.xml:23:9-25:18
27            <action android:name="android.media.action.IMAGE_CAPTURE" />
27-->src\main\AndroidManifest.xml:24:13-73
27-->src\main\AndroidManifest.xml:24:21-70
28        </intent>
29    </queries>
30
31    <!-- Although the *SdkVersion is captured in gradle build files, this is required for non gradle builds -->
32    <!-- <uses-sdk android:minSdkVersion="14"/> -->
33    <uses-permission android:name="android.permission.ACCESS_NETWORK_STATE" />
33-->[com.google.android.datatransport:transport-backend-cct:2.3.3] AndroidManifest.xml:25:5-79
33-->[com.google.android.datatransport:transport-backend-cct:2.3.3] AndroidManifest.xml:25:22-76
34
35    <application
35-->src\main\AndroidManifest.xml:28:5-94:19
36        android:name="androidx.multidex.MultiDexApplication"
36-->src\main\AndroidManifest.xml:29:9-61
37        android:appComponentFactory="androidx.core.app.CoreComponentFactory"
37-->[androidx.core:core:1.5.0] AndroidManifest.xml:24:18-86
38        android:debuggable="true"
39        android:icon="@drawable/logo_mlkit"
39-->src\main\AndroidManifest.xml:30:9-44
40        android:label="@string/app_name"
40-->src\main\AndroidManifest.xml:31:9-41
41        android:testOnly="true"
42        android:theme="@style/Theme.AppCompat" >
42-->src\main\AndroidManifest.xml:32:9-47
43        <activity
43-->src\main\AndroidManifest.xml:33:9-35:39
44            android:name="com.google.mlkit.vision.demo.java.TermsAndCondtionActivity"
44-->src\main\AndroidManifest.xml:34:13-58
45            android:exported="true" />
45-->src\main\AndroidManifest.xml:35:13-36
46        <activity
46-->src\main\AndroidManifest.xml:36:9-38:39
47            android:name="com.google.mlkit.vision.demo.java.PolicyActivity"
47-->src\main\AndroidManifest.xml:37:13-48
48            android:exported="true" />
48-->src\main\AndroidManifest.xml:38:13-36
49        <activity
49-->src\main\AndroidManifest.xml:39:9-41:39
50            android:name="com.google.mlkit.vision.demo.java.PWFindSuccessActivity"
50-->src\main\AndroidManifest.xml:40:13-55
51            android:exported="true" />
51-->src\main\AndroidManifest.xml:41:13-36
52        <activity
52-->src\main\AndroidManifest.xml:42:9-44:39
53            android:name="com.google.mlkit.vision.demo.java.PWFindActivity"
53-->src\main\AndroidManifest.xml:43:13-48
54            android:exported="true" />
54-->src\main\AndroidManifest.xml:44:13-36
55        <activity
55-->src\main\AndroidManifest.xml:45:9-47:39
56            android:name="com.google.mlkit.vision.demo.java.IDFindSuccessActivity"
56-->src\main\AndroidManifest.xml:46:13-55
57            android:exported="true" />
57-->src\main\AndroidManifest.xml:47:13-36
58        <activity
58-->src\main\AndroidManifest.xml:48:9-50:39
59            android:name="com.google.mlkit.vision.demo.java.IDFindActivity"
59-->src\main\AndroidManifest.xml:49:13-48
60            android:exported="true" />
60-->src\main\AndroidManifest.xml:50:13-36
61        <activity
61-->src\main\AndroidManifest.xml:51:9-53:39
62            android:name="com.google.mlkit.vision.demo.java.FindFailActivity"
62-->src\main\AndroidManifest.xml:52:13-50
63            android:exported="true" />
63-->src\main\AndroidManifest.xml:53:13-36
64        <activity
64-->src\main\AndroidManifest.xml:54:9-56:39
65            android:name="com.google.mlkit.vision.demo.java.DuplicateAccountActivity"
65-->src\main\AndroidManifest.xml:55:13-58
66            android:exported="true" />
66-->src\main\AndroidManifest.xml:56:13-36
67        <activity
67-->src\main\AndroidManifest.xml:57:9-59:39
68            android:name="com.google.mlkit.vision.demo.java.CreateAccountActivity"
68-->src\main\AndroidManifest.xml:58:13-55
69            android:exported="true" />
69-->src\main\AndroidManifest.xml:59:13-36
70        <activity
70-->src\main\AndroidManifest.xml:60:9-62:39
71            android:name="com.google.mlkit.vision.demo.java.AccountSuccessActivity"
71-->src\main\AndroidManifest.xml:61:13-56
72            android:exported="true" />
72-->src\main\AndroidManifest.xml:62:13-36
73        <activity
73-->src\main\AndroidManifest.xml:63:9-70:20
74            android:name="com.google.mlkit.vision.demo.java.StartActivity"
74-->src\main\AndroidManifest.xml:64:13-47
75            android:exported="true" >
75-->src\main\AndroidManifest.xml:65:13-36
76            <intent-filter>
76-->src\main\AndroidManifest.xml:66:13-69:29
77                <action android:name="android.intent.action.MAIN" />
77-->src\main\AndroidManifest.xml:67:17-69
77-->src\main\AndroidManifest.xml:67:25-66
78
79                <category android:name="android.intent.category.LAUNCHER" />
79-->src\main\AndroidManifest.xml:68:17-77
79-->src\main\AndroidManifest.xml:68:27-74
80            </intent-filter>
81        </activity>
82
83        <meta-data
83-->src\main\AndroidManifest.xml:72:9-74:69
84            android:name="com.google.android.gms.version"
84-->src\main\AndroidManifest.xml:73:13-58
85            android:value="@integer/google_play_services_version" />
85-->src\main\AndroidManifest.xml:74:13-66
86        <!--
87 Optional: Add it to automatically download ML model to device after
88          your app is installed.
89        -->
90        <meta-data
90-->src\main\AndroidManifest.xml:79:9-81:52
91            android:name="com.google.mlkit.vision.DEPENDENCIES"
91-->src\main\AndroidManifest.xml:80:13-64
92            android:value="barcode,face,ocr,ica" />
92-->src\main\AndroidManifest.xml:81:13-49
93
94        <activity
94-->src\main\AndroidManifest.xml:83:9-85:39
95            android:name="com.google.mlkit.vision.demo.java.ChooserActivity"
95-->src\main\AndroidManifest.xml:84:13-49
96            android:exported="true" />
96-->src\main\AndroidManifest.xml:85:13-36
97        <activity
97-->src\main\AndroidManifest.xml:86:9-89:47
98            android:name="com.google.mlkit.vision.demo.java.LivePreviewActivity"
98-->src\main\AndroidManifest.xml:87:13-53
99            android:exported="true"
99-->src\main\AndroidManifest.xml:88:13-36
100            android:theme="@style/AppTheme" />
100-->src\main\AndroidManifest.xml:89:13-44
101        <activity
101-->src\main\AndroidManifest.xml:90:9-93:47
102            android:name="com.google.mlkit.vision.demo.java.CameraXLivePreviewActivity"
102-->src\main\AndroidManifest.xml:91:13-60
103            android:exported="true"
103-->src\main\AndroidManifest.xml:92:13-36
104            android:theme="@style/AppTheme" />
104-->src\main\AndroidManifest.xml:93:13-44
105
106        <service
106-->[com.google.mlkit:object-detection:16.2.6] AndroidManifest.xml:8:9-14:19
107            android:name="com.google.mlkit.common.internal.MlKitComponentDiscoveryService"
107-->[com.google.mlkit:object-detection:16.2.6] AndroidManifest.xml:9:13-91
108            android:directBootAware="true"
108-->[com.google.mlkit:common:17.3.0] AndroidManifest.xml:17:13-43
109            android:exported="false" >
109-->[com.google.mlkit:object-detection:16.2.6] AndroidManifest.xml:10:13-37
110            <meta-data
110-->[com.google.mlkit:object-detection:16.2.6] AndroidManifest.xml:11:13-13:85
111                android:name="com.google.firebase.components:com.google.mlkit.vision.objects.defaults.internal.DefaultObjectsRegistrar"
111-->[com.google.mlkit:object-detection:16.2.6] AndroidManifest.xml:12:17-136
112                android:value="com.google.firebase.components.ComponentRegistrar" />
112-->[com.google.mlkit:object-detection:16.2.6] AndroidManifest.xml:13:17-82
113            <meta-data
113-->[com.google.mlkit:object-detection-custom:16.3.3] AndroidManifest.xml:11:13-13:85
114                android:name="com.google.firebase.components:com.google.mlkit.vision.objects.custom.internal.CustomObjectsRegistrar"
114-->[com.google.mlkit:object-detection-custom:16.3.3] AndroidManifest.xml:12:17-133
115                android:value="com.google.firebase.components.ComponentRegistrar" />
115-->[com.google.mlkit:object-detection-custom:16.3.3] AndroidManifest.xml:13:17-82
116            <meta-data
116-->[com.google.mlkit:image-labeling:17.0.5] AndroidManifest.xml:11:13-13:85
117                android:name="com.google.firebase.components:com.google.mlkit.vision.label.defaults.internal.BundledLabelRegistrar"
117-->[com.google.mlkit:image-labeling:17.0.5] AndroidManifest.xml:12:17-132
118                android:value="com.google.firebase.components.ComponentRegistrar" />
118-->[com.google.mlkit:image-labeling:17.0.5] AndroidManifest.xml:13:17-82
119            <meta-data
119-->[com.google.mlkit:image-labeling-custom:16.3.1] AndroidManifest.xml:11:13-13:85
120                android:name="com.google.firebase.components:com.google.mlkit.vision.label.custom.internal.CustomLabelRegistrar"
120-->[com.google.mlkit:image-labeling-custom:16.3.1] AndroidManifest.xml:12:17-129
121                android:value="com.google.firebase.components.ComponentRegistrar" />
121-->[com.google.mlkit:image-labeling-custom:16.3.1] AndroidManifest.xml:13:17-82
122            <meta-data
122-->[com.google.mlkit:segmentation-selfie:16.0.0-beta2] AndroidManifest.xml:12:13-14:85
123                android:name="com.google.firebase.components:com.google.mlkit.vision.segmentation.internal.SegmentationRegistrar"
123-->[com.google.mlkit:segmentation-selfie:16.0.0-beta2] AndroidManifest.xml:13:17-130
124                android:value="com.google.firebase.components.ComponentRegistrar" />
124-->[com.google.mlkit:segmentation-selfie:16.0.0-beta2] AndroidManifest.xml:14:17-82
125            <meta-data
125-->[com.google.android.gms:play-services-mlkit-barcode-scanning:16.2.1] AndroidManifest.xml:12:13-14:85
126                android:name="com.google.firebase.components:com.google.mlkit.vision.barcode.internal.BarcodeRegistrar"
126-->[com.google.android.gms:play-services-mlkit-barcode-scanning:16.2.1] AndroidManifest.xml:13:17-120
127                android:value="com.google.firebase.components.ComponentRegistrar" />
127-->[com.google.android.gms:play-services-mlkit-barcode-scanning:16.2.1] AndroidManifest.xml:14:17-82
128            <meta-data
128-->[com.google.mlkit:vision-internal-vkp:18.1.1] AndroidManifest.xml:11:13-13:85
129                android:name="com.google.firebase.components:com.google.mlkit.vision.vkp.VkpRegistrar"
129-->[com.google.mlkit:vision-internal-vkp:18.1.1] AndroidManifest.xml:12:17-103
130                android:value="com.google.firebase.components.ComponentRegistrar" />
130-->[com.google.mlkit:vision-internal-vkp:18.1.1] AndroidManifest.xml:13:17-82
131            <meta-data
131-->[com.google.android.gms:play-services-mlkit-face-detection:16.2.0] AndroidManifest.xml:12:13-14:85
132                android:name="com.google.firebase.components:com.google.mlkit.vision.face.internal.FaceRegistrar"
132-->[com.google.android.gms:play-services-mlkit-face-detection:16.2.0] AndroidManifest.xml:13:17-114
133                android:value="com.google.firebase.components.ComponentRegistrar" />
133-->[com.google.android.gms:play-services-mlkit-face-detection:16.2.0] AndroidManifest.xml:14:17-82
134            <meta-data
134-->[com.google.android.gms:play-services-mlkit-text-recognition-common:16.0.0] AndroidManifest.xml:12:13-14:85
135                android:name="com.google.firebase.components:com.google.mlkit.vision.text.internal.TextRegistrar"
135-->[com.google.android.gms:play-services-mlkit-text-recognition-common:16.0.0] AndroidManifest.xml:13:17-114
136                android:value="com.google.firebase.components.ComponentRegistrar" />
136-->[com.google.android.gms:play-services-mlkit-text-recognition-common:16.0.0] AndroidManifest.xml:14:17-82
137            <meta-data
137-->[com.google.mlkit:pose-detection-common:17.1.0-beta4] AndroidManifest.xml:11:13-13:85
138                android:name="com.google.firebase.components:com.google.mlkit.vision.pose.internal.PoseRegistrar"
138-->[com.google.mlkit:pose-detection-common:17.1.0-beta4] AndroidManifest.xml:12:17-114
139                android:value="com.google.firebase.components.ComponentRegistrar" />
139-->[com.google.mlkit:pose-detection-common:17.1.0-beta4] AndroidManifest.xml:13:17-82
140            <meta-data
140-->[com.google.mlkit:vision-common:16.5.0] AndroidManifest.xml:12:13-14:85
141                android:name="com.google.firebase.components:com.google.mlkit.vision.common.internal.VisionCommonRegistrar"
141-->[com.google.mlkit:vision-common:16.5.0] AndroidManifest.xml:13:17-124
142                android:value="com.google.firebase.components.ComponentRegistrar" />
142-->[com.google.mlkit:vision-common:16.5.0] AndroidManifest.xml:14:17-82
143            <meta-data
143-->[com.google.mlkit:common:17.3.0] AndroidManifest.xml:20:13-22:85
144                android:name="com.google.firebase.components:com.google.mlkit.common.internal.CommonComponentRegistrar"
144-->[com.google.mlkit:common:17.3.0] AndroidManifest.xml:21:17-120
145                android:value="com.google.firebase.components.ComponentRegistrar" />
145-->[com.google.mlkit:common:17.3.0] AndroidManifest.xml:22:17-82
146        </service>
147
148        <provider
148-->[com.google.mlkit:common:17.3.0] AndroidManifest.xml:9:9-13:38
149            android:name="com.google.mlkit.common.internal.MlKitInitProvider"
149-->[com.google.mlkit:common:17.3.0] AndroidManifest.xml:10:13-78
150            android:authorities="com.google.mlkit.vision.demo.mlkitinitprovider"
150-->[com.google.mlkit:common:17.3.0] AndroidManifest.xml:11:13-69
151            android:exported="false"
151-->[com.google.mlkit:common:17.3.0] AndroidManifest.xml:12:13-37
152            android:initOrder="99" />
152-->[com.google.mlkit:common:17.3.0] AndroidManifest.xml:13:13-35
153
154        <activity
154-->[com.google.android.gms:play-services-base:17.6.0] AndroidManifest.xml:23:9-26:75
155            android:name="com.google.android.gms.common.api.GoogleApiActivity"
155-->[com.google.android.gms:play-services-base:17.6.0] AndroidManifest.xml:24:13-79
156            android:exported="false"
156-->[com.google.android.gms:play-services-base:17.6.0] AndroidManifest.xml:25:13-37
157            android:theme="@android:style/Theme.Translucent.NoTitleBar" />
157-->[com.google.android.gms:play-services-base:17.6.0] AndroidManifest.xml:26:13-72
158
159        <service
159-->[com.google.android.datatransport:transport-backend-cct:2.3.3] AndroidManifest.xml:29:9-35:19
160            android:name="com.google.android.datatransport.runtime.backends.TransportBackendDiscovery"
160-->[com.google.android.datatransport:transport-backend-cct:2.3.3] AndroidManifest.xml:30:13-103
161            android:exported="false" >
161-->[com.google.android.datatransport:transport-backend-cct:2.3.3] AndroidManifest.xml:31:13-37
162            <meta-data
162-->[com.google.android.datatransport:transport-backend-cct:2.3.3] AndroidManifest.xml:32:13-34:39
163                android:name="backend:com.google.android.datatransport.cct.CctBackendFactory"
163-->[com.google.android.datatransport:transport-backend-cct:2.3.3] AndroidManifest.xml:33:17-94
164                android:value="cct" />
164-->[com.google.android.datatransport:transport-backend-cct:2.3.3] AndroidManifest.xml:34:17-36
165        </service>
166        <service
166-->[com.google.android.datatransport:transport-runtime:2.2.6] AndroidManifest.xml:26:9-30:19
167            android:name="com.google.android.datatransport.runtime.scheduling.jobscheduling.JobInfoSchedulerService"
167-->[com.google.android.datatransport:transport-runtime:2.2.6] AndroidManifest.xml:27:13-117
168            android:exported="false"
168-->[com.google.android.datatransport:transport-runtime:2.2.6] AndroidManifest.xml:28:13-37
169            android:permission="android.permission.BIND_JOB_SERVICE" >
169-->[com.google.android.datatransport:transport-runtime:2.2.6] AndroidManifest.xml:29:13-69
170        </service>
171
172        <receiver
172-->[com.google.android.datatransport:transport-runtime:2.2.6] AndroidManifest.xml:32:9-34:40
173            android:name="com.google.android.datatransport.runtime.scheduling.jobscheduling.AlarmManagerSchedulerBroadcastReceiver"
173-->[com.google.android.datatransport:transport-runtime:2.2.6] AndroidManifest.xml:33:13-132
174            android:exported="false" />
174-->[com.google.android.datatransport:transport-runtime:2.2.6] AndroidManifest.xml:34:13-37
175
176        <provider
176-->[androidx.lifecycle:lifecycle-process:2.1.0] AndroidManifest.xml:23:9-27:43
177            android:name="androidx.lifecycle.ProcessLifecycleOwnerInitializer"
177-->[androidx.lifecycle:lifecycle-process:2.1.0] AndroidManifest.xml:24:13-79
178            android:authorities="com.google.mlkit.vision.demo.lifecycle-process"
178-->[androidx.lifecycle:lifecycle-process:2.1.0] AndroidManifest.xml:25:13-69
179            android:exported="false"
179-->[androidx.lifecycle:lifecycle-process:2.1.0] AndroidManifest.xml:26:13-37
180            android:multiprocess="true" />
180-->[androidx.lifecycle:lifecycle-process:2.1.0] AndroidManifest.xml:27:13-40
181    </application>
182
183</manifest>